<?xml version="1.0" encoding="UTF-8"?>
<testsuite xmlns:xsi="http://www.w3.org/2001/XMLSchema-instance" xsi:noNamespaceSchemaLocation="https://maven.apache.org/surefire/maven-surefire-plugin/xsd/surefire-test-report.xsd" name="org.json.simple.JSONArrayTest" time="0.047" tests="13" errors="0" skipped="0" failures="0">
  <properties>
[...]
</properties>
  <testcase name="testJSONArray" classname="org.json.simple.JSONArrayTest" time="0.01"/>
  <testcase name="testIntArrayToString" classname="org.json.simple.JSONArrayTest" time="0"/>
  <testcase name="testDoubleArrayToString" classname="org.json.simple.JSONArrayTest" time="0"/>
  <testcase name="testFloatArrayToString" classname="org.json.simple.JSONArrayTest" time="0"/>
  <testcase name="testByteArrayToString" classname="org.json.simple.JSONArrayTest" time="0"/>
  <testcase name="testCharArrayToString" classname="org.json.simple.JSONArrayTest" time="0.002"/>
  <testcase name="testShortArrayToString" classname="org.json.simple.JSONArrayTest" time="0"/>
  <testcase name="testObjectArrayToString" classname="org.json.simple.JSONArrayTest" time="0.002"/>
  <testcase name="testBooleanArrayToString" classname="org.json.simple.JSONArrayTest" time="0"/>
  <testcase name="testToJSONStringCollection" classname="org.json.simple.JSONArrayTest" time="0.007"/>
  <testcase name="testLongArrayToString" classname="org.json.simple.JSONArrayTest" time="0.001"/>
  <testcase name="testJSONArrayCollection" classname="org.json.simple.JSONArrayTest" time="0"/>
  <testcase name="testWriteJSONStringCollectionWriter" classname="org.json.simple.JSONArrayTest" time="0.001"/>
</testsuite>